# JRE version: OpenJDK Runtime Environment (17.0.10) (build 17.0.10+0--11572160)
# Java VM: OpenJDK 64-Bit Server VM (17.0.10+0--11572160, mixed mode, tiered, compressed oops, compressed class ptrs, g1 gc, windows-amd64)
GC Precious Log:
 CPUs: 8 total, 8 available
 Memory: 7824M
 Large Page Support: Disabled
 NUMA Support: Disabled
 Compressed Oops: Enabled (32-bit)
 Heap Region Size: 1M
 Heap Min Capacity: 8M
 Heap Initial Capacity: 124M
 Heap Max Capacity: 2G
 Pre-touch: Disabled
 Parallel Workers: 8
 Concurrent Workers: 2
 Concurrent Refinement Workers: 8
 Periodic GC: Disabled
Heap:
 garbage-first heap   total 502784K, used 198722K [0x0000000080000000, 0x0000000100000000)
  region size 1024K, 2 young (2048K), 2 survivors (2048K)
 Metaspace       used 80345K, committed 80960K, reserved 1179648K
  class space    used 10467K, committed 10752K, reserved 1048576K
GC Heap History (20 events):
Event: 68.464 GC heap after
{Heap after GC invocations=76 (full 0):
 garbage-first heap   total 502784K, used 156630K [0x0000000080000000, 0x0000000100000000)
  region size 1024K, 2 young (2048K), 2 survivors (2048K)
 Metaspace       used 79142K, committed 79808K, reserved 1179648K
  class space    used 10466K, committed 10752K, reserved 1048576K
}
Event: 104.744 GC heap before
{Heap before GC invocations=76 (full 0):
 garbage-first heap   total 502784K, used 296918K [0x0000000080000000, 0x0000000100000000)
  region size 1024K, 140 young (143360K), 2 survivors (2048K)
 Metaspace       used 79990K, committed 80640K, reserved 1179648K
  class space    used 10488K, committed 10752K, reserved 1048576K
}
Event: 104.750 GC heap after
{Heap after GC invocations=77 (full 0):
 garbage-first heap   total 502784K, used 159730K [0x0000000080000000, 0x0000000100000000)
  region size 1024K, 5 young (5120K), 5 survivors (5120K)
 Metaspace       used 79990K, committed 80640K, reserved 1179648K
  class space    used 10488K, committed 10752K, reserved 1048576K
}
Event: 106.021 GC heap before
{Heap before GC invocations=78 (full 0):
 garbage-first heap   total 502784K, used 424946K [0x0000000080000000, 0x0000000100000000)
  region size 1024K, 262 young (268288K), 5 survivors (5120K)
 Metaspace       used 80008K, committed 80704K, reserved 1179648K
  class space    used 10465K, committed 10752K, reserved 1048576K
}
Event: 106.031 GC heap after
{Heap after GC invocations=79 (full 0):
 garbage-first heap   total 502784K, used 169402K [0x0000000080000000, 0x0000000100000000)
  region size 1024K, 13 young (13312K), 13 survivors (13312K)
 Metaspace       used 80008K, committed 80704K, reserved 1179648K
  class space    used 10465K, committed 10752K, reserved 1048576K
}
Event: 106.053 GC heap before
{Heap before GC invocations=79 (full 0):
 garbage-first heap   total 502784K, used 180666K [0x0000000080000000, 0x0000000100000000)
  region size 1024K, 24 young (24576K), 13 survivors (13312K)
 Metaspace       used 80014K, committed 80704K, reserved 1179648K
  class space    used 10465K, committed 10752K, reserved 1048576K
}
Event: 106.082 GC heap after
{Heap after GC invocations=80 (full 0):
 garbage-first heap   total 502784K, used 167368K [0x0000000080000000, 0x0000000100000000)
  region size 1024K, 2 young (2048K), 2 survivors (2048K)
 Metaspace       used 80014K, committed 80704K, reserved 1179648K
  class space    used 10465K, committed 10752K, reserved 1048576K
}
Event: 106.209 GC heap before
{Heap before GC invocations=80 (full 0):
 garbage-first heap   total 502784K, used 213448K [0x0000000080000000, 0x0000000100000000)
  region size 1024K, 49 young (50176K), 2 survivors (2048K)
 Metaspace       used 80027K, committed 80704K, reserved 1179648K
  class space    used 10465K, committed 10752K, reserved 1048576K
}
Event: 106.212 GC heap after
{Heap after GC invocations=81 (full 0):
 garbage-first heap   total 502784K, used 167643K [0x0000000080000000, 0x0000000100000000)
  region size 1024K, 3 young (3072K), 3 survivors (3072K)
 Metaspace       used 80027K, committed 80704K, reserved 1179648K
  class space    used 10465K, committed 10752K, reserved 1048576K
}
Event: 107.190 GC heap before
{Heap before GC invocations=82 (full 0):
 garbage-first heap   total 502784K, used 428763K [0x0000000080000000, 0x0000000100000000)
  region size 1024K, 257 young (263168K), 3 survivors (3072K)
 Metaspace       used 80093K, committed 80768K, reserved 1179648K
  class space    used 10465K, committed 10752K, reserved 1048576K
}
Event: 107.199 GC heap after
{Heap after GC invocations=83 (full 0):
 garbage-first heap   total 502784K, used 173570K [0x0000000080000000, 0x0000000100000000)
  region size 1024K, 9 young (9216K), 9 survivors (9216K)
 Metaspace       used 80093K, committed 80768K, reserved 1179648K
  class space    used 10465K, committed 10752K, reserved 1048576K
}
Event: 107.259 GC heap before
{Heap before GC invocations=83 (full 0):
 garbage-first heap   total 502784K, used 187906K [0x0000000080000000, 0x0000000100000000)
  region size 1024K, 25 young (25600K), 9 survivors (9216K)
 Metaspace       used 80094K, committed 80768K, reserved 1179648K
  class space    used 10465K, committed 10752K, reserved 1048576K
}
Event: 107.285 GC heap after
{Heap after GC invocations=84 (full 0):
 garbage-first heap   total 502784K, used 172584K [0x0000000080000000, 0x0000000100000000)
  region size 1024K, 2 young (2048K), 2 survivors (2048K)
 Metaspace       used 80094K, committed 80768K, reserved 1179648K
  class space    used 10465K, committed 10752K, reserved 1048576K
}
Event: 108.637 GC heap before
{Heap before GC invocations=84 (full 0):
 garbage-first heap   total 502784K, used 426536K [0x0000000080000000, 0x0000000100000000)
  region size 1024K, 250 young (256000K), 2 survivors (2048K)
 Metaspace       used 80215K, committed 80896K, reserved 1179648K
  class space    used 10465K, committed 10752K, reserved 1048576K
}
Event: 108.662 GC heap after
{Heap after GC invocations=85 (full 0):
 garbage-first heap   total 502784K, used 191905K [0x0000000080000000, 0x0000000100000000)
  region size 1024K, 22 young (22528K), 22 survivors (22528K)
 Metaspace       used 80215K, committed 80896K, reserved 1179648K
  class space    used 10465K, committed 10752K, reserved 1048576K
}
Event: 109.768 GC heap before
{Heap before GC invocations=86 (full 0):
 garbage-first heap   total 502784K, used 416161K [0x0000000080000000, 0x0000000100000000)
  region size 1024K, 239 young (244736K), 22 survivors (22528K)
 Metaspace       used 80332K, committed 80960K, reserved 1179648K
  class space    used 10466K, committed 10752K, reserved 1048576K
}
Event: 109.804 GC heap after
{Heap after GC invocations=87 (full 0):
 garbage-first heap   total 502784K, used 199480K [0x0000000080000000, 0x0000000100000000)
  region size 1024K, 5 young (5120K), 5 survivors (5120K)
 Metaspace       used 80332K, committed 80960K, reserved 1179648K
  class space    used 10466K, committed 10752K, reserved 1048576K
}
Event: 109.879 GC heap before
{Heap before GC invocations=87 (full 0):
 garbage-first heap   total 502784K, used 217912K [0x0000000080000000, 0x0000000100000000)
  region size 1024K, 24 young (24576K), 5 survivors (5120K)
 Metaspace       used 80332K, committed 80960K, reserved 1179648K
  class space    used 10466K, committed 10752K, reserved 1048576K
}
Event: 109.899 GC heap after
{Heap after GC invocations=88 (full 0):
 garbage-first heap   total 502784K, used 198029K [0x0000000080000000, 0x0000000100000000)
  region size 1024K, 1 young (1024K), 1 survivors (1024K)
 Metaspace       used 80332K, committed 80960K, reserved 1179648K
  class space    used 10466K, committed 10752K, reserved 1048576K
}
Event: 111.031 GC heap before
{Heap before GC invocations=88 (full 0):
 garbage-first heap   total 502784K, used 419212K [0x0000000080000000, 0x0000000100000000)
  region size 1024K, 218 young (223232K), 1 survivors (1024K)
 Metaspace       used 80345K, committed 80960K, reserved 1179648K
  class space    used 10467K, committed 10752K, reserved 1048576K
}

