# JRE version: OpenJDK Runtime Environment (17.0.10) (build 17.0.10+0--11572160)
# Java VM: OpenJDK 64-Bit Server VM (17.0.10+0--11572160, mixed mode, tiered, compressed oops, compressed class ptrs, g1 gc, windows-amd64)
GC Precious Log:
 CPUs: 8 total, 8 available
 Memory: 7824M
 Large Page Support: Disabled
 NUMA Support: Disabled
 Compressed Oops: Enabled (32-bit)
 Heap Region Size: 1M
 Heap Min Capacity: 8M
 Heap Initial Capacity: 124M
 Heap Max Capacity: 2G
 Pre-touch: Disabled
 Parallel Workers: 8
 Concurrent Workers: 2
 Concurrent Refinement Workers: 8
 Periodic GC: Disabled
Heap:
 garbage-first heap   total 392192K, used 209339K [0x0000000080000000, 0x0000000100000000)
  region size 1024K, 3 young (3072K), 3 survivors (3072K)
 Metaspace       used 151063K, committed 152128K, reserved 1245184K
  class space    used 20498K, committed 20992K, reserved 1048576K
GC Heap History (20 events):
Event: 28.944 GC heap after
{Heap after GC invocations=61 (full 0):
 garbage-first heap   total 392192K, used 146854K [0x0000000080000000, 0x0000000100000000)
  region size 1024K, 2 young (2048K), 2 survivors (2048K)
 Metaspace       used 122517K, committed 123392K, reserved 1179648K
  class space    used 16273K, committed 16640K, reserved 1048576K
}
Event: 30.502 GC heap before
{Heap before GC invocations=61 (full 0):
 garbage-first heap   total 392192K, used 315814K [0x0000000080000000, 0x0000000100000000)
  region size 1024K, 167 young (171008K), 2 survivors (2048K)
 Metaspace       used 127674K, committed 128576K, reserved 1179648K
  class space    used 16947K, committed 17408K, reserved 1048576K
}
Event: 30.521 GC heap after
{Heap after GC invocations=62 (full 0):
 garbage-first heap   total 392192K, used 154529K [0x0000000080000000, 0x0000000100000000)
  region size 1024K, 10 young (10240K), 10 survivors (10240K)
 Metaspace       used 127674K, committed 128576K, reserved 1179648K
  class space    used 16947K, committed 17408K, reserved 1048576K
}
Event: 31.628 GC heap before
{Heap before GC invocations=63 (full 0):
 garbage-first heap   total 392192K, used 315297K [0x0000000080000000, 0x0000000100000000)
  region size 1024K, 172 young (176128K), 10 survivors (10240K)
 Metaspace       used 131624K, committed 132544K, reserved 1179648K
  class space    used 17512K, committed 17920K, reserved 1048576K
}
Event: 31.646 GC heap after
{Heap after GC invocations=64 (full 0):
 garbage-first heap   total 392192K, used 159724K [0x0000000080000000, 0x0000000100000000)
  region size 1024K, 19 young (19456K), 19 survivors (19456K)
 Metaspace       used 131624K, committed 132544K, reserved 1179648K
  class space    used 17512K, committed 17920K, reserved 1048576K
}
Event: 31.650 GC heap before
{Heap before GC invocations=64 (full 0):
 garbage-first heap   total 392192K, used 159724K [0x0000000080000000, 0x0000000100000000)
  region size 1024K, 20 young (20480K), 19 survivors (19456K)
 Metaspace       used 131635K, committed 132544K, reserved 1179648K
  class space    used 17513K, committed 17920K, reserved 1048576K
}
Event: 31.681 GC heap after
{Heap after GC invocations=65 (full 0):
 garbage-first heap   total 392192K, used 155890K [0x0000000080000000, 0x0000000100000000)
  region size 1024K, 3 young (3072K), 3 survivors (3072K)
 Metaspace       used 131635K, committed 132544K, reserved 1179648K
  class space    used 17513K, committed 17920K, reserved 1048576K
}
Event: 32.753 GC heap before
{Heap before GC invocations=65 (full 0):
 garbage-first heap   total 392192K, used 317682K [0x0000000080000000, 0x0000000100000000)
  region size 1024K, 162 young (165888K), 3 survivors (3072K)
 Metaspace       used 138060K, committed 139008K, reserved 1179648K
  class space    used 18435K, committed 18880K, reserved 1048576K
}
Event: 32.768 GC heap after
{Heap after GC invocations=66 (full 0):
 garbage-first heap   total 392192K, used 167602K [0x0000000080000000, 0x0000000100000000)
  region size 1024K, 15 young (15360K), 15 survivors (15360K)
 Metaspace       used 138060K, committed 139008K, reserved 1179648K
  class space    used 18435K, committed 18880K, reserved 1048576K
}
Event: 33.794 GC heap before
{Heap before GC invocations=66 (full 0):
 garbage-first heap   total 392192K, used 315058K [0x0000000080000000, 0x0000000100000000)
  region size 1024K, 160 young (163840K), 15 survivors (15360K)
 Metaspace       used 141749K, committed 142720K, reserved 1179648K
  class space    used 19054K, committed 19520K, reserved 1048576K
}
Event: 33.819 GC heap after
{Heap after GC invocations=67 (full 0):
 garbage-first heap   total 392192K, used 176942K [0x0000000080000000, 0x0000000100000000)
  region size 1024K, 11 young (11264K), 11 survivors (11264K)
 Metaspace       used 141749K, committed 142720K, reserved 1179648K
  class space    used 19054K, committed 19520K, reserved 1048576K
}
Event: 34.816 GC heap before
{Heap before GC invocations=67 (full 0):
 garbage-first heap   total 392192K, used 318254K [0x0000000080000000, 0x0000000100000000)
  region size 1024K, 149 young (152576K), 11 survivors (11264K)
 Metaspace       used 143766K, committed 144768K, reserved 1179648K
  class space    used 19368K, committed 19840K, reserved 1048576K
}
Event: 34.827 GC heap after
{Heap after GC invocations=68 (full 0):
 garbage-first heap   total 392192K, used 178958K [0x0000000080000000, 0x0000000100000000)
  region size 1024K, 13 young (13312K), 13 survivors (13312K)
 Metaspace       used 143766K, committed 144768K, reserved 1179648K
  class space    used 19368K, committed 19840K, reserved 1048576K
}
Event: 35.460 GC heap before
{Heap before GC invocations=68 (full 0):
 garbage-first heap   total 392192K, used 333582K [0x0000000080000000, 0x0000000100000000)
  region size 1024K, 154 young (157696K), 13 survivors (13312K)
 Metaspace       used 146500K, committed 147456K, reserved 1179648K
  class space    used 19791K, committed 20224K, reserved 1048576K
}
Event: 35.482 GC heap after
{Heap after GC invocations=69 (full 0):
 garbage-first heap   total 392192K, used 200108K [0x0000000080000000, 0x0000000100000000)
  region size 1024K, 13 young (13312K), 13 survivors (13312K)
 Metaspace       used 146500K, committed 147456K, reserved 1179648K
  class space    used 19791K, committed 20224K, reserved 1048576K
}
Event: 36.118 GC heap before
{Heap before GC invocations=69 (full 0):
 garbage-first heap   total 392192K, used 330156K [0x0000000080000000, 0x0000000100000000)
  region size 1024K, 134 young (137216K), 13 survivors (13312K)
 Metaspace       used 149231K, committed 150208K, reserved 1179648K
  class space    used 20247K, committed 20672K, reserved 1048576K
}
Event: 36.138 GC heap after
{Heap after GC invocations=70 (full 0):
 garbage-first heap   total 392192K, used 208015K [0x0000000080000000, 0x0000000100000000)
  region size 1024K, 14 young (14336K), 14 survivors (14336K)
 Metaspace       used 149231K, committed 150208K, reserved 1179648K
  class space    used 20247K, committed 20672K, reserved 1048576K
}
Event: 36.465 GC heap before
{Heap before GC invocations=70 (full 0):
 garbage-first heap   total 392192K, used 320655K [0x0000000080000000, 0x0000000100000000)
  region size 1024K, 125 young (128000K), 14 survivors (14336K)
 Metaspace       used 150610K, committed 151616K, reserved 1179648K
  class space    used 20475K, committed 20928K, reserved 1048576K
}
Event: 36.478 GC heap after
{Heap after GC invocations=71 (full 0):
 garbage-first heap   total 392192K, used 209130K [0x0000000080000000, 0x0000000100000000)
  region size 1024K, 3 young (3072K), 3 survivors (3072K)
 Metaspace       used 150610K, committed 151616K, reserved 1179648K
  class space    used 20475K, committed 20928K, reserved 1048576K
}
Event: 37.150 GC heap before
{Heap before GC invocations=71 (full 0):
 garbage-first heap   total 392192K, used 326890K [0x0000000080000000, 0x0000000100000000)
  region size 1024K, 118 young (120832K), 3 survivors (3072K)
 Metaspace       used 151063K, committed 152128K, reserved 1245184K
  class space    used 20498K, committed 20992K, reserved 1048576K
}

