# JRE version: OpenJDK Runtime Environment (17.0.10) (build 17.0.10+0--11572160)
# Java VM: OpenJDK 64-Bit Server VM (17.0.10+0--11572160, mixed mode, tiered, compressed oops, compressed class ptrs, g1 gc, windows-amd64)
GC Precious Log:
 CPUs: 8 total, 8 available
 Memory: 7824M
 Large Page Support: Disabled
 NUMA Support: Disabled
 Compressed Oops: Enabled (32-bit)
 Heap Region Size: 1M
 Heap Min Capacity: 8M
 Heap Initial Capacity: 124M
 Heap Max Capacity: 2G
 Pre-touch: Disabled
 Parallel Workers: 8
 Concurrent Workers: 2
 Concurrent Refinement Workers: 8
 Periodic GC: Disabled
Heap:
 garbage-first heap   total 450560K, used 332799K [0x0000000080000000, 0x0000000100000000)
  region size 1024K, 8 young (8192K), 8 survivors (8192K)
 Metaspace       used 135044K, committed 136256K, reserved 1179648K
  class space    used 18003K, committed 18624K, reserved 1048576K
GC Heap History (20 events):
Event: 100.610 GC heap after
{Heap after GC invocations=89 (full 0):
 garbage-first heap   total 450560K, used 259164K [0x0000000080000000, 0x0000000100000000)
  region size 1024K, 3 young (3072K), 3 survivors (3072K)
 Metaspace       used 118465K, committed 119680K, reserved 1179648K
  class space    used 15940K, committed 16512K, reserved 1048576K
}
Event: 101.241 GC heap before
{Heap before GC invocations=89 (full 0):
 garbage-first heap   total 450560K, used 351324K [0x0000000080000000, 0x0000000100000000)
  region size 1024K, 94 young (96256K), 3 survivors (3072K)
 Metaspace       used 121211K, committed 122368K, reserved 1179648K
  class space    used 16195K, committed 16768K, reserved 1048576K
}
Event: 101.251 GC heap after
{Heap after GC invocations=90 (full 0):
 garbage-first heap   total 450560K, used 263090K [0x0000000080000000, 0x0000000100000000)
  region size 1024K, 7 young (7168K), 7 survivors (7168K)
 Metaspace       used 121211K, committed 122368K, reserved 1179648K
  class space    used 16195K, committed 16768K, reserved 1048576K
}
Event: 101.832 GC heap before
{Heap before GC invocations=90 (full 0):
 garbage-first heap   total 450560K, used 364466K [0x0000000080000000, 0x0000000100000000)
  region size 1024K, 107 young (109568K), 7 survivors (7168K)
 Metaspace       used 121991K, committed 123200K, reserved 1179648K
  class space    used 16257K, committed 16832K, reserved 1048576K
}
Event: 101.848 GC heap after
{Heap after GC invocations=91 (full 0):
 garbage-first heap   total 450560K, used 271745K [0x0000000080000000, 0x0000000100000000)
  region size 1024K, 14 young (14336K), 14 survivors (14336K)
 Metaspace       used 121991K, committed 123200K, reserved 1179648K
  class space    used 16257K, committed 16832K, reserved 1048576K
}
Event: 104.144 GC heap before
{Heap before GC invocations=91 (full 0):
 garbage-first heap   total 450560K, used 380289K [0x0000000080000000, 0x0000000100000000)
  region size 1024K, 111 young (113664K), 14 survivors (14336K)
 Metaspace       used 122746K, committed 123904K, reserved 1179648K
  class space    used 16345K, committed 16896K, reserved 1048576K
}
Event: 104.153 GC heap after
{Heap after GC invocations=92 (full 0):
 garbage-first heap   total 450560K, used 269149K [0x0000000080000000, 0x0000000100000000)
  region size 1024K, 5 young (5120K), 5 survivors (5120K)
 Metaspace       used 122746K, committed 123904K, reserved 1179648K
  class space    used 16345K, committed 16896K, reserved 1048576K
}
Event: 105.474 GC heap before
{Heap before GC invocations=92 (full 0):
 garbage-first heap   total 450560K, used 376669K [0x0000000080000000, 0x0000000100000000)
  region size 1024K, 110 young (112640K), 5 survivors (5120K)
 Metaspace       used 124071K, committed 125248K, reserved 1179648K
  class space    used 16514K, committed 17088K, reserved 1048576K
}
Event: 105.484 GC heap after
{Heap after GC invocations=93 (full 0):
 garbage-first heap   total 450560K, used 272638K [0x0000000080000000, 0x0000000100000000)
  region size 1024K, 8 young (8192K), 8 survivors (8192K)
 Metaspace       used 124071K, committed 125248K, reserved 1179648K
  class space    used 16514K, committed 17088K, reserved 1048576K
}
Event: 106.434 GC heap before
{Heap before GC invocations=93 (full 0):
 garbage-first heap   total 450560K, used 380158K [0x0000000080000000, 0x0000000100000000)
  region size 1024K, 112 young (114688K), 8 survivors (8192K)
 Metaspace       used 127727K, committed 128960K, reserved 1179648K
  class space    used 17007K, committed 17600K, reserved 1048576K
}
Event: 106.447 GC heap after
{Heap after GC invocations=94 (full 0):
 garbage-first heap   total 450560K, used 279332K [0x0000000080000000, 0x0000000100000000)
  region size 1024K, 11 young (11264K), 11 survivors (11264K)
 Metaspace       used 127727K, committed 128960K, reserved 1179648K
  class space    used 17007K, committed 17600K, reserved 1048576K
}
Event: 107.590 GC heap before
{Heap before GC invocations=94 (full 0):
 garbage-first heap   total 450560K, used 380708K [0x0000000080000000, 0x0000000100000000)
  region size 1024K, 111 young (113664K), 11 survivors (11264K)
 Metaspace       used 131201K, committed 132352K, reserved 1179648K
  class space    used 17491K, committed 18048K, reserved 1048576K
}
Event: 107.603 GC heap after
{Heap after GC invocations=95 (full 0):
 garbage-first heap   total 450560K, used 286860K [0x0000000080000000, 0x0000000100000000)
  region size 1024K, 13 young (13312K), 13 survivors (13312K)
 Metaspace       used 131201K, committed 132352K, reserved 1179648K
  class space    used 17491K, committed 18048K, reserved 1048576K
}
Event: 107.944 GC heap before
{Heap before GC invocations=95 (full 0):
 garbage-first heap   total 450560K, used 381068K [0x0000000080000000, 0x0000000100000000)
  region size 1024K, 106 young (108544K), 13 survivors (13312K)
 Metaspace       used 132576K, committed 133760K, reserved 1179648K
  class space    used 17667K, committed 18240K, reserved 1048576K
}
Event: 107.961 GC heap after
{Heap after GC invocations=96 (full 0):
 garbage-first heap   total 450560K, used 306894K [0x0000000080000000, 0x0000000100000000)
  region size 1024K, 14 young (14336K), 14 survivors (14336K)
 Metaspace       used 132576K, committed 133760K, reserved 1179648K
  class space    used 17667K, committed 18240K, reserved 1048576K
}
Event: 108.323 GC heap before
{Heap before GC invocations=96 (full 0):
 garbage-first heap   total 450560K, used 376526K [0x0000000080000000, 0x0000000100000000)
  region size 1024K, 83 young (84992K), 14 survivors (14336K)
 Metaspace       used 133292K, committed 134464K, reserved 1179648K
  class space    used 17750K, committed 18304K, reserved 1048576K
}
Event: 108.395 GC heap after
{Heap after GC invocations=97 (full 0):
 garbage-first heap   total 450560K, used 316758K [0x0000000080000000, 0x0000000100000000)
  region size 1024K, 11 young (11264K), 11 survivors (11264K)
 Metaspace       used 133292K, committed 134464K, reserved 1179648K
  class space    used 17750K, committed 18304K, reserved 1048576K
}
Event: 108.690 GC heap before
{Heap before GC invocations=97 (full 0):
 garbage-first heap   total 450560K, used 376150K [0x0000000080000000, 0x0000000100000000)
  region size 1024K, 70 young (71680K), 11 survivors (11264K)
 Metaspace       used 133914K, committed 135104K, reserved 1179648K
  class space    used 17842K, committed 18432K, reserved 1048576K
}
Event: 108.713 GC heap after
{Heap after GC invocations=98 (full 0):
 garbage-first heap   total 450560K, used 324156K [0x0000000080000000, 0x0000000100000000)
  region size 1024K, 9 young (9216K), 9 survivors (9216K)
 Metaspace       used 133914K, committed 135104K, reserved 1179648K
  class space    used 17842K, committed 18432K, reserved 1048576K
}
Event: 109.178 GC heap before
{Heap before GC invocations=98 (full 0):
 garbage-first heap   total 450560K, used 378428K [0x0000000080000000, 0x0000000100000000)
  region size 1024K, 63 young (64512K), 9 survivors (9216K)
 Metaspace       used 135044K, committed 136256K, reserved 1179648K
  class space    used 18003K, committed 18624K, reserved 1048576K
}

