# JRE version: OpenJDK Runtime Environment (17.0.10) (build 17.0.10+0--11572160)
# Java VM: OpenJDK 64-Bit Server VM (17.0.10+0--11572160, mixed mode, tiered, compressed oops, compressed class ptrs, g1 gc, windows-amd64)
GC Precious Log:
 CPUs: 8 total, 8 available
 Memory: 7824M
 Large Page Support: Disabled
 NUMA Support: Disabled
 Compressed Oops: Enabled (32-bit)
 Heap Region Size: 1M
 Heap Min Capacity: 8M
 Heap Initial Capacity: 124M
 Heap Max Capacity: 2G
 Pre-touch: Disabled
 Parallel Workers: 8
 Concurrent Workers: 2
 Concurrent Refinement Workers: 8
 Periodic GC: Disabled
Heap:
 garbage-first heap   total 365568K, used 185419K [0x0000000080000000, 0x0000000100000000)
  region size 1024K, 12 young (12288K), 12 survivors (12288K)
 Metaspace       used 150584K, committed 151552K, reserved 1245184K
  class space    used 20393K, committed 20864K, reserved 1048576K
GC Heap History (20 events):
Event: 140.127 GC heap after
{Heap after GC invocations=63 (full 0):
 garbage-first heap   total 365568K, used 181265K [0x0000000080000000, 0x0000000100000000)
  region size 1024K, 9 young (9216K), 9 survivors (9216K)
 Metaspace       used 124507K, committed 125376K, reserved 1179648K
  class space    used 16520K, committed 16896K, reserved 1048576K
}
Event: 140.150 GC heap before
{Heap before GC invocations=63 (full 0):
 garbage-first heap   total 365568K, used 189457K [0x0000000080000000, 0x0000000100000000)
  region size 1024K, 17 young (17408K), 9 survivors (9216K)
 Metaspace       used 124523K, committed 125504K, reserved 1179648K
  class space    used 16523K, committed 16960K, reserved 1048576K
}
Event: 140.156 GC heap after
{Heap after GC invocations=64 (full 0):
 garbage-first heap   total 365568K, used 142660K [0x0000000080000000, 0x0000000100000000)
  region size 1024K, 3 young (3072K), 3 survivors (3072K)
 Metaspace       used 124523K, committed 125504K, reserved 1179648K
  class space    used 16523K, committed 16960K, reserved 1048576K
}
Event: 140.266 GC heap before
{Heap before GC invocations=64 (full 0):
 garbage-first heap   total 365568K, used 155972K [0x0000000080000000, 0x0000000100000000)
  region size 1024K, 17 young (17408K), 3 survivors (3072K)
 Metaspace       used 124659K, committed 125632K, reserved 1179648K
  class space    used 16544K, committed 16960K, reserved 1048576K
}
Event: 140.271 GC heap after
{Heap after GC invocations=65 (full 0):
 garbage-first heap   total 365568K, used 138270K [0x0000000080000000, 0x0000000100000000)
  region size 1024K, 3 young (3072K), 3 survivors (3072K)
 Metaspace       used 124659K, committed 125632K, reserved 1179648K
  class space    used 16544K, committed 16960K, reserved 1048576K
}
Event: 141.996 GC heap before
{Heap before GC invocations=65 (full 0):
 garbage-first heap   total 365568K, used 298014K [0x0000000080000000, 0x0000000100000000)
  region size 1024K, 159 young (162816K), 3 survivors (3072K)
 Metaspace       used 129268K, committed 130176K, reserved 1179648K
  class space    used 17158K, committed 17600K, reserved 1048576K
}
Event: 142.004 GC heap after
{Heap after GC invocations=66 (full 0):
 garbage-first heap   total 365568K, used 145813K [0x0000000080000000, 0x0000000100000000)
  region size 1024K, 10 young (10240K), 10 survivors (10240K)
 Metaspace       used 129268K, committed 130176K, reserved 1179648K
  class space    used 17158K, committed 17600K, reserved 1048576K
}
Event: 143.488 GC heap before
{Heap before GC invocations=67 (full 0):
 garbage-first heap   total 365568K, used 302485K [0x0000000080000000, 0x0000000100000000)
  region size 1024K, 162 young (165888K), 10 survivors (10240K)
 Metaspace       used 130763K, committed 131712K, reserved 1179648K
  class space    used 17343K, committed 17792K, reserved 1048576K
}
Event: 143.500 GC heap after
{Heap after GC invocations=68 (full 0):
 garbage-first heap   total 365568K, used 150600K [0x0000000080000000, 0x0000000100000000)
  region size 1024K, 13 young (13312K), 13 survivors (13312K)
 Metaspace       used 130763K, committed 131712K, reserved 1179648K
  class space    used 17343K, committed 17792K, reserved 1048576K
}
Event: 143.538 GC heap before
{Heap before GC invocations=68 (full 0):
 garbage-first heap   total 365568K, used 153672K [0x0000000080000000, 0x0000000100000000)
  region size 1024K, 17 young (17408K), 13 survivors (13312K)
 Metaspace       used 130831K, committed 131840K, reserved 1179648K
  class space    used 17355K, committed 17856K, reserved 1048576K
}
Event: 143.555 GC heap after
{Heap after GC invocations=69 (full 0):
 garbage-first heap   total 365568K, used 147162K [0x0000000080000000, 0x0000000100000000)
  region size 1024K, 2 young (2048K), 2 survivors (2048K)
 Metaspace       used 130831K, committed 131840K, reserved 1179648K
  class space    used 17355K, committed 17856K, reserved 1048576K
}
Event: 144.596 GC heap before
{Heap before GC invocations=69 (full 0):
 garbage-first heap   total 365568K, used 302810K [0x0000000080000000, 0x0000000100000000)
  region size 1024K, 155 young (158720K), 2 survivors (2048K)
 Metaspace       used 134671K, committed 135680K, reserved 1179648K
  class space    used 17899K, committed 18368K, reserved 1048576K
}
Event: 144.604 GC heap after
{Heap after GC invocations=70 (full 0):
 garbage-first heap   total 365568K, used 154330K [0x0000000080000000, 0x0000000100000000)
  region size 1024K, 9 young (9216K), 9 survivors (9216K)
 Metaspace       used 134671K, committed 135680K, reserved 1179648K
  class space    used 17899K, committed 18368K, reserved 1048576K
}
Event: 145.372 GC heap before
{Heap before GC invocations=70 (full 0):
 garbage-first heap   total 365568K, used 302810K [0x0000000080000000, 0x0000000100000000)
  region size 1024K, 155 young (158720K), 9 survivors (9216K)
 Metaspace       used 139172K, committed 140160K, reserved 1179648K
  class space    used 18547K, committed 19008K, reserved 1048576K
}
Event: 145.385 GC heap after
{Heap after GC invocations=71 (full 0):
 garbage-first heap   total 365568K, used 160832K [0x0000000080000000, 0x0000000100000000)
  region size 1024K, 16 young (16384K), 16 survivors (16384K)
 Metaspace       used 139172K, committed 140160K, reserved 1179648K
  class space    used 18547K, committed 19008K, reserved 1048576K
}
Event: 146.984 GC heap before
{Heap before GC invocations=71 (full 0):
 garbage-first heap   total 365568K, used 318528K [0x0000000080000000, 0x0000000100000000)
  region size 1024K, 153 young (156672K), 16 survivors (16384K)
 Metaspace       used 146999K, committed 148032K, reserved 1179648K
  class space    used 19831K, committed 20288K, reserved 1048576K
}
Event: 147.017 GC heap after
{Heap after GC invocations=72 (full 0):
 garbage-first heap   total 365568K, used 180587K [0x0000000080000000, 0x0000000100000000)
  region size 1024K, 20 young (20480K), 20 survivors (20480K)
 Metaspace       used 146999K, committed 148032K, reserved 1179648K
  class space    used 19831K, committed 20288K, reserved 1048576K
}
Event: 147.579 GC heap before
{Heap before GC invocations=72 (full 0):
 garbage-first heap   total 365568K, used 299371K [0x0000000080000000, 0x0000000100000000)
  region size 1024K, 137 young (140288K), 20 survivors (20480K)
 Metaspace       used 150237K, committed 151296K, reserved 1245184K
  class space    used 20383K, committed 20864K, reserved 1048576K
}
Event: 147.596 GC heap after
{Heap after GC invocations=73 (full 0):
 garbage-first heap   total 365568K, used 179327K [0x0000000080000000, 0x0000000100000000)
  region size 1024K, 6 young (6144K), 6 survivors (6144K)
 Metaspace       used 150237K, committed 151296K, reserved 1245184K
  class space    used 20383K, committed 20864K, reserved 1048576K
}
Event: 148.006 GC heap before
{Heap before GC invocations=73 (full 0):
 garbage-first heap   total 365568K, used 302207K [0x0000000080000000, 0x0000000100000000)
  region size 1024K, 127 young (130048K), 6 survivors (6144K)
 Metaspace       used 150584K, committed 151552K, reserved 1245184K
  class space    used 20393K, committed 20864K, reserved 1048576K
}

