# JRE version: OpenJDK Runtime Environment OpenLogic-OpenJDK (21.0.3+9) (build 21.0.3+9-adhoc.Administrator.jdk21u)
# Java VM: OpenJDK 64-Bit Server VM OpenLogic-OpenJDK (21.0.3+9-adhoc.Administrator.jdk21u, mixed mode, tiered, compressed oops, compressed class ptrs, g1 gc, windows-amd64)
GC Precious Log:
 CardTable entry size: 512
 Card Set container configuration: InlinePtr #cards 5 size 8 Array Of Cards #cards 12 size 40 Howl #buckets 4 coarsen threshold 1843 Howl Bitmap #cards 512 size 80 coarsen threshold 460 Card regions per heap region 1 cards per card region 2048
 CPUs: 8 total, 8 available
 Memory: 7824M
 Large Page Support: Disabled
 NUMA Support: Disabled
 Compressed Oops: Enabled (32-bit)
 Heap Region Size: 1M
 Heap Min Capacity: 8M
 Heap Initial Capacity: 124M
 Heap Max Capacity: 2G
 Pre-touch: Disabled
 Parallel Workers: 8
 Concurrent Workers: 2
 Concurrent Refinement Workers: 8
 Periodic GC: Disabled
Heap:
 garbage-first heap   total 410624K, used 295032K [0x0000000080000000, 0x0000000100000000)
  region size 1024K, 52 young (53248K), 6 survivors (6144K)
 Metaspace       used 131036K, committed 133440K, reserved 1179648K
  class space    used 17860K, committed 19008K, reserved 1048576K
GC Heap History (20 events):
Event: 33.202 GC heap before
{Heap before GC invocations=46 (full 0):
 garbage-first heap   total 230400K, used 207181K [0x0000000080000000, 0x0000000100000000)
  region size 1024K, 74 young (75776K), 3 survivors (3072K)
 Metaspace       used 116365K, committed 118656K, reserved 1179648K
  class space    used 15741K, committed 16832K, reserved 1048576K
}
Event: 33.212 GC heap after
{Heap after GC invocations=47 (full 0):
 garbage-first heap   total 276480K, used 142141K [0x0000000080000000, 0x0000000100000000)
  region size 1024K, 10 young (10240K), 10 survivors (10240K)
 Metaspace       used 116365K, committed 118656K, reserved 1179648K
  class space    used 15741K, committed 16832K, reserved 1048576K
}
Event: 33.872 GC heap before
{Heap before GC invocations=47 (full 0):
 garbage-first heap   total 276480K, used 248637K [0x0000000080000000, 0x0000000100000000)
  region size 1024K, 115 young (117760K), 10 survivors (10240K)
 Metaspace       used 118391K, committed 120704K, reserved 1179648K
  class space    used 15995K, committed 17152K, reserved 1048576K
}
Event: 33.889 GC heap after
{Heap after GC invocations=48 (full 0):
 garbage-first heap   total 281600K, used 163328K [0x0000000080000000, 0x0000000100000000)
  region size 1024K, 15 young (15360K), 15 survivors (15360K)
 Metaspace       used 118391K, committed 120704K, reserved 1179648K
  class space    used 15995K, committed 17152K, reserved 1048576K
}
Event: 34.516 GC heap before
{Heap before GC invocations=48 (full 0):
 garbage-first heap   total 281600K, used 242176K [0x0000000080000000, 0x0000000100000000)
  region size 1024K, 93 young (95232K), 15 survivors (15360K)
 Metaspace       used 119228K, committed 121600K, reserved 1179648K
  class space    used 16088K, committed 17280K, reserved 1048576K
}
Event: 34.535 GC heap after
{Heap after GC invocations=49 (full 0):
 garbage-first heap   total 281600K, used 171552K [0x0000000080000000, 0x0000000100000000)
  region size 1024K, 12 young (12288K), 12 survivors (12288K)
 Metaspace       used 119228K, committed 121600K, reserved 1179648K
  class space    used 16088K, committed 17280K, reserved 1048576K
}
Event: 34.975 GC heap before
{Heap before GC invocations=49 (full 0):
 garbage-first heap   total 281600K, used 246304K [0x0000000080000000, 0x0000000100000000)
  region size 1024K, 85 young (87040K), 12 survivors (12288K)
 Metaspace       used 119825K, committed 122176K, reserved 1179648K
  class space    used 16180K, committed 17344K, reserved 1048576K
}
Event: 35.005 GC heap after
{Heap after GC invocations=50 (full 0):
 garbage-first heap   total 281600K, used 186324K [0x0000000080000000, 0x0000000100000000)
  region size 1024K, 11 young (11264K), 11 survivors (11264K)
 Metaspace       used 119825K, committed 122176K, reserved 1179648K
  class space    used 16180K, committed 17344K, reserved 1048576K
}
Event: 35.879 GC heap before
{Heap before GC invocations=51 (full 0):
 garbage-first heap   total 342016K, used 248788K [0x0000000080000000, 0x0000000100000000)
  region size 1024K, 74 young (75776K), 11 survivors (11264K)
 Metaspace       used 122841K, committed 125120K, reserved 1179648K
  class space    used 16647K, committed 17792K, reserved 1048576K
}
Event: 35.899 GC heap after
{Heap after GC invocations=52 (full 0):
 garbage-first heap   total 342016K, used 193420K [0x0000000080000000, 0x0000000100000000)
  region size 1024K, 8 young (8192K), 8 survivors (8192K)
 Metaspace       used 122841K, committed 125120K, reserved 1179648K
  class space    used 16647K, committed 17792K, reserved 1048576K
}
Event: 36.430 GC heap before
{Heap before GC invocations=52 (full 0):
 garbage-first heap   total 342016K, used 294796K [0x0000000080000000, 0x0000000100000000)
  region size 1024K, 108 young (110592K), 8 survivors (8192K)
 Metaspace       used 124745K, committed 127104K, reserved 1179648K
  class space    used 16911K, committed 18048K, reserved 1048576K
}
Event: 36.452 GC heap after
{Heap after GC invocations=53 (full 0):
 garbage-first heap   total 342016K, used 203559K [0x0000000080000000, 0x0000000100000000)
  region size 1024K, 14 young (14336K), 14 survivors (14336K)
 Metaspace       used 124745K, committed 127104K, reserved 1179648K
  class space    used 16911K, committed 18048K, reserved 1048576K
}
Event: 36.834 GC heap before
{Heap before GC invocations=53 (full 0):
 garbage-first heap   total 342016K, used 299815K [0x0000000080000000, 0x0000000100000000)
  region size 1024K, 109 young (111616K), 14 survivors (14336K)
 Metaspace       used 125687K, committed 128064K, reserved 1179648K
  class space    used 17062K, committed 18240K, reserved 1048576K
}
Event: 36.859 GC heap after
{Heap after GC invocations=54 (full 0):
 garbage-first heap   total 410624K, used 219037K [0x0000000080000000, 0x0000000100000000)
  region size 1024K, 14 young (14336K), 14 survivors (14336K)
 Metaspace       used 125687K, committed 128064K, reserved 1179648K
  class space    used 17062K, committed 18240K, reserved 1048576K
}
Event: 38.335 GC heap before
{Heap before GC invocations=55 (full 0):
 garbage-first heap   total 410624K, used 350109K [0x0000000080000000, 0x0000000100000000)
  region size 1024K, 145 young (148480K), 14 survivors (14336K)
 Metaspace       used 127903K, committed 130304K, reserved 1179648K
  class space    used 17395K, committed 18560K, reserved 1048576K
}
Event: 38.360 GC heap after
{Heap after GC invocations=56 (full 0):
 garbage-first heap   total 410624K, used 232078K [0x0000000080000000, 0x0000000100000000)
  region size 1024K, 15 young (15360K), 15 survivors (15360K)
 Metaspace       used 127903K, committed 130304K, reserved 1179648K
  class space    used 17395K, committed 18560K, reserved 1048576K
}
Event: 39.115 GC heap before
{Heap before GC invocations=56 (full 0):
 garbage-first heap   total 410624K, used 375438K [0x0000000080000000, 0x0000000100000000)
  region size 1024K, 138 young (141312K), 15 survivors (15360K)
 Metaspace       used 129479K, committed 131840K, reserved 1179648K
  class space    used 17708K, committed 18880K, reserved 1048576K
}
Event: 39.140 GC heap after
{Heap after GC invocations=57 (full 0):
 garbage-first heap   total 410624K, used 244337K [0x0000000080000000, 0x0000000100000000)
  region size 1024K, 11 young (11264K), 11 survivors (11264K)
 Metaspace       used 129479K, committed 131840K, reserved 1179648K
  class space    used 17708K, committed 18880K, reserved 1048576K
}
Event: 39.931 GC heap before
{Heap before GC invocations=57 (full 0):
 garbage-first heap   total 410624K, used 366193K [0x0000000080000000, 0x0000000100000000)
  region size 1024K, 131 young (134144K), 11 survivors (11264K)
 Metaspace       used 130482K, committed 132864K, reserved 1179648K
  class space    used 17828K, committed 19008K, reserved 1048576K
}
Event: 39.948 GC heap after
{Heap after GC invocations=58 (full 0):
 garbage-first heap   total 410624K, used 248952K [0x0000000080000000, 0x0000000100000000)
  region size 1024K, 6 young (6144K), 6 survivors (6144K)
 Metaspace       used 130482K, committed 132864K, reserved 1179648K
  class space    used 17828K, committed 19008K, reserved 1048576K
}

